<?xml version="1.0" encoding="UTF-8"?>
<testsuite xmlns:xsi="http://www.w3.org/2001/XMLSchema-instance" xsi:noNamespaceSchemaLocation="https://maven.apache.org/surefire/maven-surefire-plugin/xsd/surefire-test-report.xsd" name="stepdefinition.testrunner" time="47.635" tests="3" errors="0" skipped="0" failures="0">
  <properties>
[...]
</properties>
  <testcase name="runScenario" classname="stepdefinition.testrunner" time="15.984"/>
  <testcase name="runScenario" classname="stepdefinition.testrunner" time="14.078"/>
  <testcase name="runScenario" classname="stepdefinition.testrunner" time="14.601"/>
</testsuite>