<?xml version="1.0" encoding="UTF-8"?>
<testng-results ignored="0" total="3" passed="3" failed="0" skipped="0">
  <reporter-output>
  </reporter-output>
  <suite started-at="2025-03-18T05:56:54 PDT" name="Surefire suite" finished-at="2025-03-18T05:57:41 PDT" duration-ms="46273">
    <groups>
      <group name="cucumber">
        <method signature="AbstractTestNGCucumberTests.runScenario(io.cucumber.testng.PickleWrapper,io.cucumber.testng.FeatureWrapper)[pri:0, instance:stepdefinition.testrunner@460d0a57]" name="runScenario" class="io.cucumber.testng.AbstractTestNGCucumberTests"/>
      </group> <!-- cucumber -->
    </groups>
    <test started-at="2025-03-18T05:56:54 PDT" name="Surefire test" finished-at="2025-03-18T05:57:41 PDT" duration-ms="46273">
      <class name="stepdefinition.testrunner">
        <test-method is-config="true" signature="setUpClass(org.testng.ITestContext)[pri:0, instance:stepdefinition.testrunner@460d0a57]" started-at="2025-03-18T05:56:54 PDT" name="setUpClass" finished-at="2025-03-18T05:56:56 PDT" duration-ms="1392" status="PASS">
          <params>
            <param index="0">
              <value>
                <![CDATA[org.testng.TestRunner@5b22d8a1]]>
              </value>
            </param>
          </params>
          <reporter-output>
          </reporter-output>
        </test-method> <!-- setUpClass -->
        <test-method signature="runScenario(io.cucumber.testng.PickleWrapper,io.cucumber.testng.FeatureWrapper)[pri:0, instance:stepdefinition.testrunner@460d0a57]" started-at="2025-03-18T05:56:56 PDT" name="runScenario" description="Runs Cucumber Scenarios" data-provider="scenarios" finished-at="2025-03-18T05:57:12 PDT" duration-ms="15978" status="PASS">
          <params>
            <param index="0">
              <value>
                <![CDATA["Home Loan EMI"]]>
              </value>
            </param>
            <param index="1">
              <value>
                <![CDATA["EMI Calculator"]]>
              </value>
            </param>
          </params>
          <reporter-output>
          </reporter-output>
        </test-method> <!-- runScenario -->
        <test-method signature="runScenario(io.cucumber.testng.PickleWrapper,io.cucumber.testng.FeatureWrapper)[pri:0, instance:stepdefinition.testrunner@460d0a57]" started-at="2025-03-18T05:57:12 PDT" name="runScenario" description="Runs Cucumber Scenarios" data-provider="scenarios" finished-at="2025-03-18T05:57:26 PDT" duration-ms="14076" status="PASS">
          <params>
            <param index="0">
              <value>
                <![CDATA["Personal Loan EMI"]]>
              </value>
            </param>
            <param index="1">
              <value>
                <![CDATA["EMI Calculator"]]>
              </value>
            </param>
          </params>
          <reporter-output>
          </reporter-output>
        </test-method> <!-- runScenario -->
        <test-method signature="runScenario(io.cucumber.testng.PickleWrapper,io.cucumber.testng.FeatureWrapper)[pri:0, instance:stepdefinition.testrunner@460d0a57]" started-at="2025-03-18T05:57:26 PDT" name="runScenario" description="Runs Cucumber Scenarios" data-provider="scenarios" finished-at="2025-03-18T05:57:40 PDT" duration-ms="14598" status="PASS">
          <params>
            <param index="0">
              <value>
                <![CDATA["Car Loan EMI"]]>
              </value>
            </param>
            <param index="1">
              <value>
                <![CDATA["EMI Calculator"]]>
              </value>
            </param>
          </params>
          <reporter-output>
          </reporter-output>
        </test-method> <!-- runScenario -->
        <test-method is-config="true" signature="tearDownClass()[pri:0, instance:stepdefinition.testrunner@460d0a57]" started-at="2025-03-18T05:57:40 PDT" name="tearDownClass" finished-at="2025-03-18T05:57:41 PDT" duration-ms="127" status="PASS">
          <reporter-output>
          </reporter-output>
        </test-method> <!-- tearDownClass -->
      </class> <!-- stepdefinition.testrunner -->
    </test> <!-- Surefire test -->
  </suite> <!-- Surefire suite -->
</testng-results>
